<?xml version="1.0" encoding="UTF-8"?>
<testng-results ignored="0" total="1" passed="1" failed="0" skipped="0">
  <reporter-output>
  </reporter-output>
  <suite started-at="2025-07-05T23:07:47 IST" name="Sample Suite" finished-at="2025-07-05T23:07:49 IST" duration-ms="1674">
    <groups>
    </groups>
    <test started-at="2025-07-05T23:07:47 IST" name="Google Tests" finished-at="2025-07-05T23:07:49 IST" duration-ms="1674">
      <class name="com.example.GoogleTest">
        <test-method is-config="true" signature="setUp()[pri:0, instance:com.example.GoogleTest@6e171cd7]" started-at="2025-07-05T23:07:47 IST" name="setUp" finished-at="2025-07-05T23:07:48 IST" duration-ms="811" status="PASS">
          <reporter-output>
          </reporter-output>
        </test-method> <!-- setUp -->
        <test-method signature="testGoogle()[pri:0, instance:com.example.GoogleTest@6e171cd7]" started-at="2025-07-05T23:07:48 IST" name="testGoogle" finished-at="2025-07-05T23:07:49 IST" duration-ms="767" status="PASS">
          <reporter-output>
          </reporter-output>
        </test-method> <!-- testGoogle -->
        <test-method is-config="true" signature="tearDown()[pri:0, instance:com.example.GoogleTest@6e171cd7]" started-at="2025-07-05T23:07:49 IST" name="tearDown" finished-at="2025-07-05T23:07:49 IST" duration-ms="86" status="PASS">
          <reporter-output>
          </reporter-output>
        </test-method> <!-- tearDown -->
      </class> <!-- com.example.GoogleTest -->
    </test> <!-- Google Tests -->
  </suite> <!-- Sample Suite -->
</testng-results>
